Gym has been unmaintained since 2022 and does not support NumPy 2.0 amongst other critical functionality.
Please upgrade to Gymnasium, the maintained drop-in replacement of Gym, or contact the authors of your software and request that they upgrade.
Users of this version of Gym should be able to simply replace 'import gym' with 'import gymnasium as gym' in the vast majority of cases.
See the migration guide at https://gymnasium.farama.org/introduction/migration_guide/ for additional information.
Discovered runs:
  oracle   : [1]
  swoks    : [1]
  implicit : [1]
  hybrid   : [1]
[experiment] CSV -> results/experiment_local_seq0_seed1/metrics_per_seed.csv
[experiment] LaTeX -> results/experiment_local_seq0_seed1/paper_table.tex
[experiment] Rendering plots ->  results/experiment_local_seq0_seed1/plots
[experiment] Report -> results/experiment_local_seq0_seed1/report.md
[experiment] Pickle -> results/experiment_local_seq0_seed1/summaries.pkl

=== Summary ===
mode            n_seeds         avg_perf_proxy  avg_perf_posthoc  forward_transfer  forgetting_norm  det_F1          det_delay       tp_fp_fn      
---------------------------------------------------------------------------------------------------------------------------------------------------
oracle          1               11.94 +/- 0.00  -                 0.000 +/- 0.000   +1.260           -               -               -             
swoks           1               9.17 +/- 0.00   -                 -0.865 +/- 0.000  +2.136           0.91 +/- 0.00   4983 +/- 0      5/0/1         
implicit        1               5.02 +/- 0.00   -                 -0.997 +/- 0.000  +2.814           0.12 +/- 0.00   20939 +/- 0     4/56/2        
hybrid          1               5.50 +/- 0.00   -                 -1.148 +/- 0.000  +2.787           0.22 +/- 0.00   13010 +/- 0     4/26/2        

